  stdafx.cpp
  Client.cpp
  WingBoost_System.cpp
  VIBuffer_HexagonTex.cpp
  Terrain.cpp
  StreamHandler.cpp
  Stamina_Bar.cpp
  Stage.cpp
  Skybox.cpp
  ScriptUI.cpp
  Ring.cpp
  QuestHandler.cpp
  Product.cpp
  Player_Missile.cpp
  Player_Bullet.cpp
  Player.cpp
  Planet.cpp
  NaviArrow.cpp
  Monster.cpp
  MissionUI.cpp
  MaterialHandler.cpp
  Generating Code...
  Compiling...
  MainCam.cpp
  MainApp.cpp
  EngineEffectSystem.cpp
  Logo.cpp
  LockOn.cpp
  Loading.cpp
  FollowSystem.cpp
  LobbyUI.cpp
  LobbyModel.cpp
  LobbyCam.cpp
  Lobby.cpp
  LaserSystem.cpp
  HP_Bar_Border.cpp
  Grass.cpp
  GatchaBox.cpp
  ExplosionSystem.cpp
  EffectHandler.cpp
  Crosshair.cpp
  Bullet_Laser.cpp
  Bullet_EnergyBall.cpp
  Generating Code...
  Compiling...
  Bullet_EMP_Bomb.cpp
  CollisionHandler.cpp
  Boss_Warmhole.cpp
  Boss_Spawn_Monster.cpp
  Boss_Monster.cpp
  Asteroid.cpp
  StatusBoard.cpp
  Status.cpp
  Stage3.cpp
  Stage2.cpp
  LobbyScriptUI.cpp
  LobbyCursor.cpp
  LobbyBackUI.cpp
  HUD_Effect_Damage.cpp
  HUD_Effect_Boost.cpp
  Sniper_Bullet.cpp
  Sniper.cpp
  Shield_Battery.cpp
  LoopExplosionSystem.cpp
  New_LockOn.cpp
  Generating Code...
  Compiling...
  LockOnAlert.cpp
  LoadingUI.cpp
  LoadingIcon.cpp
  HP_Bar.cpp
  Ending.cpp
  Drone.cpp
  Delivery.cpp
  DataBase.cpp
  BrokenPlane.cpp
  BackUI.cpp
  AlertArrow.cpp
  AimPanel.cpp
  AimAssist2.cpp
  AimAssist.cpp
  Generating Code...
  Client.vcxproj -> D:\Jusin\SR_Everspace\Framework116\Client\Defaults\../Bin/Client.exe
