d:\jusin\sr_everspace\framework116\tool\default\debug\tool.pch
d:\jusin\sr_everspace\framework116\tool\default\debug\vc140.pdb
d:\jusin\sr_everspace\framework116\tool\default\debug\vc140.idb
d:\jusin\sr_everspace\framework116\tool\default\debug\pch.obj
d:\jusin\sr_everspace\framework116\tool\default\debug\axis.obj
d:\jusin\sr_everspace\framework116\tool\default\debug\custommesh.obj
d:\jusin\sr_everspace\framework116\tool\default\debug\dummy.obj
d:\jusin\sr_everspace\framework116\tool\default\debug\maincam.obj
d:\jusin\sr_everspace\framework116\tool\default\debug\mainscene.obj
d:\jusin\sr_everspace\framework116\tool\default\debug\meshtool.obj
d:\jusin\sr_everspace\framework116\tool\default\debug\miniview.obj
d:\jusin\sr_everspace\framework116\tool\default\debug\mainform.obj
d:\jusin\sr_everspace\framework116\tool\default\debug\mainfrm.obj
d:\jusin\sr_everspace\framework116\tool\default\debug\mainview.obj
d:\jusin\sr_everspace\framework116\tool\default\debug\player.obj
d:\jusin\sr_everspace\framework116\tool\default\debug\skybox.obj
d:\jusin\sr_everspace\framework116\tool\default\debug\collidetool.obj
d:\jusin\sr_everspace\framework116\tool\default\debug\tool.obj
d:\jusin\sr_everspace\framework116\tool\default\debug\tool.res
d:\jusin\sr_everspace\framework116\tool\default\debug\tool.tlog\cl.read.1.tlog
d:\jusin\sr_everspace\framework116\tool\default\debug\tool.tlog\cl.write.1.tlog
d:\jusin\sr_everspace\framework116\tool\default\debug\tool.tlog\cl.command.1.tlog
d:\jusin\sr_everspace\framework116\tool\default\debug\tool.tlog\rc.read.1.tlog
d:\jusin\sr_everspace\framework116\tool\default\debug\tool.tlog\rc.write.1.tlog
d:\jusin\sr_everspace\framework116\tool\default\debug\tool.tlog\rc.command.1.tlog
d:\jusin\sr_everspace\framework116\tool\default\debug\tool.tlog\link.command.1.tlog
d:\jusin\sr_everspace\framework116\tool\default\debug\tool.tlog\link.5860-mt.read.1.tlog
d:\jusin\sr_everspace\framework116\tool\default\debug\tool.tlog\link.5860-mt.write.1.tlog
d:\jusin\sr_everspace\framework116\tool\default\debug\tool.tlog\link.5860-rc.read.1.tlog
d:\jusin\sr_everspace\framework116\tool\default\debug\tool.tlog\link.5860-rc.write.1.tlog
d:\jusin\sr_everspace\framework116\tool\default\debug\tool.tlog\link.5860.read.1.tlog
d:\jusin\sr_everspace\framework116\tool\default\debug\tool.tlog\link.read.1.tlog
d:\jusin\sr_everspace\framework116\tool\default\debug\tool.tlog\link.write.1.tlog
d:\jusin\sr_everspace\framework116\tool\default\debug\tool.tlog\link.5860-cvtres.read.1.tlog
d:\jusin\sr_everspace\framework116\tool\default\debug\tool.tlog\link.5860-cvtres.write.1.tlog
d:\jusin\sr_everspace\framework116\tool\default\debug\tool.tlog\link.5860.write.1.tlog
d:\jusin\sr_everspace\framework116\tool\default\debug\tool.tlog\link.5860.delete.1.tlog
d:\jusin\sr_everspace\framework116\tool\default\debug\tool.tlog\link.8564.delete.1.tlog
