  VIBuffer_TriColor.cpp
  VIBuffer_TerrainTexture.cpp
  VIBuffer_TerrainColor.cpp
  VIBuffer_RectTexture_HP_Bar.cpp
  VIBuffer_RectTexture.cpp
  VIBuffer_RectColor.cpp
  VIBuffer_CubeTexture.cpp
  VIBuffer.cpp
  UI.cpp
  Transform.cpp
  Time_Manager.cpp
  Texture.cpp
  Status_Info.cpp
  SpriteTexture.cpp
  SoundMgr.cpp
  Scene_Manager.cpp
  Scene.cpp
  Renderer.cpp
  Pipeline.cpp
  ParticleSystem.cpp
  Generating Code...
  Compiling...
  MyFont.cpp
  ModelMesh.cpp
  Mesh.cpp
  Management.cpp
  Light.cpp
  Layer.cpp
  GeoMesh_Torus.cpp
  GeoMesh_Sphere.cpp
  GeoMesh_Cylinder.cpp
  GeoMesh_Cube.cpp
  GeoMesh.cpp
  GameObject_Manager.cpp
  GameObject.cpp
  Frame_Manager.cpp
  FadeOut.cpp
  FadeIn.cpp
  Device_Manager.cpp
  Controller.cpp
  Component_Manager.cpp
  Component.cpp
  Generating Code...
  Compiling...
  Collision.cpp
  CollideSphere.cpp
  Camera.cpp
  Base.cpp
  Generating Code...
  Collide.cpp
     Creating library ../Bin/Engine.lib and object ../Bin/Engine.exp
  Engine.vcxproj -> D:\Jusin\SR_Everspace\Framework116\Engine\Defaults\../Bin/Engine.dll
  ..\Headers\Base.h
  ..\Headers\Mesh.h
  ..\Headers\Component.h
  ..\Headers\Engine_Struct.h
  ..\Headers\Device_Manager.h
  ..\Headers\Engine_Define.h
  ..\Headers\Camera.h
  ..\Headers\Engine_Function.h
  ..\Headers\Engine_Include.h
  ..\Headers\Component_Manager.h
  ..\Headers\Engine_Typedef.h
  ..\Headers\CollideSphere.h
  ..\Headers\Collide.h
  ..\Headers\Controller.h
  ..\Headers\Collision.h
  ..\Headers\Texture.h
  ..\Headers\Scene.h
  ..\Headers\Scene_Manager.h
  ..\Headers\GameObject.h
  ..\Headers\Time_Manager.h
  ..\Headers\Light.h
  ..\Headers\VIBuffer.h
  ..\Headers\VIBuffer_CubeTexture.h
  ..\Headers\VIBuffer_RectColor.h
  ..\Headers\VIBuffer_RectTexture.h
  ..\Headers\VIBuffer_TerrainColor.h
  ..\Headers\VIBuffer_TerrainTexture.h
  ..\Headers\VIBuffer_TriColor.h
  ..\Headers\GameObject_Manager.h
  ..\Headers\Layer.h
  ..\Headers\Engine_Enum.h
  ..\Headers\Renderer.h
  ..\Headers\Pipeline.h
  ..\Headers\Frame_Manager.h
  ..\Headers\ParticleSystem.h
  ..\Headers\Transform.h
  ..\Headers\SpriteTexture.h
  ..\Headers\UI.h
  ..\Headers\GeoMesh.h
  ..\Headers\GeoMesh_Cube.h
  ..\Headers\GeoMesh_Cylinder.h
  ..\Headers\GeoMesh_Sphere.h
  ..\Headers\GeoMesh_Torus.h
  ..\Headers\ModelMesh.h
  ..\Headers\FadeIn.h
  ..\Headers\FadeOut.h
  ..\Headers\MyFont.h
  ..\Headers\Management.h
  ..\Headers\VIBuffer_RectTexture_HP_Bar.h
  ..\Headers\fmod.h
  ..\Headers\fmod_codec.h
  ..\Headers\fmod_dsp.h
  ..\Headers\fmod_errors.h
  ..\Headers\fmod_memoryinfo.h
  ..\Headers\fmod_output.h
  ..\Headers\Status_Info.h
  ..\Headers\SoundMgr.h
  57개 파일이 복사되었습니다.
  ..\Bin\Engine.lib
  1개 파일이 복사되었습니다.
  ..\Bin\fmodex.dll
  ..\Bin\fmodexL.dll
  ..\Bin\Engine.dll
  3개 파일이 복사되었습니다.
  ..\Bin\fmodex.dll
  ..\Bin\fmodexL.dll
  ..\Bin\Engine.dll
  3개 파일이 복사되었습니다.
