d:\jusin\sr_everspace\framework116\engine\defaults\debug\vc142.pdb
d:\jusin\sr_everspace\framework116\engine\defaults\debug\vc142.idb
d:\jusin\sr_everspace\framework116\engine\defaults\debug\light.obj
d:\jusin\sr_everspace\framework116\engine\defaults\debug\layer.obj
d:\jusin\sr_everspace\framework116\engine\defaults\debug\geomesh_torus.obj
d:\jusin\sr_everspace\framework116\engine\defaults\debug\geomesh_sphere.obj
d:\jusin\sr_everspace\framework116\engine\defaults\debug\geomesh_cylinder.obj
d:\jusin\sr_everspace\framework116\engine\defaults\debug\geomesh_cube.obj
d:\jusin\sr_everspace\framework116\engine\defaults\debug\geomesh.obj
d:\jusin\sr_everspace\framework116\engine\defaults\debug\gameobject_manager.obj
d:\jusin\sr_everspace\framework116\engine\defaults\debug\gameobject.obj
d:\jusin\sr_everspace\framework116\engine\defaults\debug\frame_manager.obj
d:\jusin\sr_everspace\framework116\engine\defaults\debug\fadeout.obj
d:\jusin\sr_everspace\framework116\engine\defaults\debug\fadein.obj
d:\jusin\sr_everspace\framework116\engine\defaults\debug\device_manager.obj
d:\jusin\sr_everspace\framework116\engine\defaults\debug\controller.obj
d:\jusin\sr_everspace\framework116\engine\defaults\debug\component_manager.obj
d:\jusin\sr_everspace\framework116\engine\defaults\debug\component.obj
d:\jusin\sr_everspace\framework116\engine\defaults\debug\collision.obj
d:\jusin\sr_everspace\framework116\engine\defaults\debug\collidesphere.obj
d:\jusin\sr_everspace\framework116\engine\defaults\debug\camera.obj
d:\jusin\sr_everspace\framework116\engine\defaults\debug\base.obj
d:\jusin\sr_everspace\framework116\engine\defaults\debug\vibuffer_recttexture.obj
d:\jusin\sr_everspace\framework116\engine\defaults\debug\vibuffer_rectcolor.obj
d:\jusin\sr_everspace\framework116\engine\defaults\debug\vibuffer_cubetexture.obj
d:\jusin\sr_everspace\framework116\engine\defaults\debug\vibuffer.obj
d:\jusin\sr_everspace\framework116\engine\defaults\debug\ui.obj
d:\jusin\sr_everspace\framework116\engine\defaults\debug\transform.obj
d:\jusin\sr_everspace\framework116\engine\defaults\debug\time_manager.obj
d:\jusin\sr_everspace\framework116\engine\defaults\debug\texture.obj
d:\jusin\sr_everspace\framework116\engine\defaults\debug\status_info.obj
d:\jusin\sr_everspace\framework116\engine\defaults\debug\spritetexture.obj
d:\jusin\sr_everspace\framework116\engine\defaults\debug\soundmgr.obj
d:\jusin\sr_everspace\framework116\engine\defaults\debug\scene_manager.obj
d:\jusin\sr_everspace\framework116\engine\defaults\debug\scene.obj
d:\jusin\sr_everspace\framework116\engine\defaults\debug\renderer.obj
d:\jusin\sr_everspace\framework116\engine\defaults\debug\pipeline.obj
d:\jusin\sr_everspace\framework116\engine\defaults\debug\particlesystem.obj
d:\jusin\sr_everspace\framework116\engine\defaults\debug\myfont.obj
d:\jusin\sr_everspace\framework116\engine\defaults\debug\modelmesh.obj
d:\jusin\sr_everspace\framework116\engine\defaults\debug\mesh.obj
d:\jusin\sr_everspace\framework116\engine\defaults\debug\management.obj
d:\jusin\sr_everspace\framework116\engine\defaults\debug\vibuffer_tricolor.obj
d:\jusin\sr_everspace\framework116\engine\defaults\debug\vibuffer_terraintexture.obj
d:\jusin\sr_everspace\framework116\engine\defaults\debug\vibuffer_terraincolor.obj
d:\jusin\sr_everspace\framework116\engine\defaults\debug\vibuffer_recttexture_hp_bar.obj
d:\jusin\sr_everspace\framework116\engine\defaults\debug\vc140.pdb
d:\jusin\sr_everspace\framework116\engine\defaults\debug\vc140.idb
d:\jusin\sr_everspace\framework116\engine\defaults\debug\collide.obj
d:\jusin\sr_everspace\framework116\engine\defaults\debug\engine.ilk
d:\jusin\sr_everspace\framework116\engine\bin\engine.dll
d:\jusin\sr_everspace\framework116\engine\bin\engine.pdb
d:\jusin\sr_everspace\framework116\engine\bin\engine.ilk
d:\jusin\sr_everspace\framework116\engine\bin\engine.lib
d:\jusin\sr_everspace\framework116\engine\bin\engine.exp
d:\jusin\sr_everspace\framework116\engine\bin\engine.ipdb
d:\jusin\sr_everspace\framework116\engine\bin\engine.iobj
d:\jusin\sr_everspace\framework116\engine\defaults\../bin/engine.dll
d:\jusin\sr_everspace\framework116\engine\defaults\debug\engine.tlog\cl.read.1.tlog
d:\jusin\sr_everspace\framework116\engine\defaults\debug\engine.tlog\cl.write.1.tlog
d:\jusin\sr_everspace\framework116\engine\defaults\debug\engine.tlog\cl.command.1.tlog
d:\jusin\sr_everspace\framework116\engine\defaults\debug\engine.tlog\link.read.1.tlog
d:\jusin\sr_everspace\framework116\engine\defaults\debug\engine.tlog\link.write.1.tlog
d:\jusin\sr_everspace\framework116\engine\defaults\debug\engine.tlog\link.delete.1.tlog
d:\jusin\sr_everspace\framework116\engine\defaults\debug\engine.tlog\link.command.1.tlog
d:\jusin\sr_everspace\framework116\engine\defaults\debug\engine.tlog\engine.write.1u.tlog
